<?xml version="1.0" encoding="UTF-8"?>
<!-- Generated by org.testng.reporters.JUnitXMLReporter -->
<testsuite hostname="SHREE-PC" ignored="0" name="Default test" tests="5" failures="0" timestamp="2020-05-08T16:29:39 IST" time="101.903" errors="0">
  <testcase name="TestStepOne" time="9.274" classname="tests.TestClassOne"/>
  <testcase name="TestStepTwo" time="6.982" classname="tests.TestClassOne"/>
  <testcase name="TestStepThree" time="13.351" classname="tests.TestClassOne"/>
  <testcase name="TestStepFour" time="9.478" classname="tests.TestClassOne"/>
  <testcase name="TestStepFive" time="31.498" classname="tests.TestClassOne"/>
</testsuite> <!-- Default test -->
