<?xml version="1.0" encoding="UTF-8"?>
<!-- Generated by org.testng.reporters.JUnitXMLReporter -->
<testsuite hostname="SHREE-PC" ignored="0" name="Test" tests="5" failures="0" timestamp="2020-05-08T13:25:40 IST" time="98.116" errors="0">
  <testcase name="TestStepOne" time="5.052" classname="tests.TestClassOne"/>
  <testcase name="TestStepTwo" time="8.51" classname="tests.TestClassOne"/>
  <testcase name="TestStepThree" time="20.519" classname="tests.TestClassOne"/>
  <testcase name="TestStepFour" time="14.302" classname="tests.TestClassOne"/>
  <testcase name="TestStepFive" time="25.14" classname="tests.TestClassOne"/>
</testsuite> <!-- Test -->
